Welcome to Xilinx CORE Generator.
Help system initialized.
The IP Catalog has been reloaded.
Opening project file
/home/brad/Projects/MimasV2/14-video-controller/coregen/MimasV2.cgp.
Recustomize and Generate (Under Current Project Settings)INFO:sim:172 - Generating IP...
Applying current project options...
Finished applying current project options.
WARNING:sim - A core named 'ClockDCM' already exists in the project. Output
   products for this core may be overwritten.
Resolving generics for 'ClockDCM'...
WARNING:sim - A core named 'ClockDCM' already exists in the project. Output
   products for this core may be overwritten.
Applying external generics to 'ClockDCM'...
Delivering associated files for 'ClockDCM'...
WARNING:sim - Component clk_wiz_v3_6 does not have a valid model name for VHDL
   synthesis
Delivering EJava files for 'ClockDCM'...
Delivered 3 files into directory
/home/brad/Projects/MimasV2/14-video-controller/coregen/tmp/_cg/ClockDCM
Delivered 1 file into directory
/home/brad/Projects/MimasV2/14-video-controller/coregen/tmp/_cg/ClockDCM
Generating ASY schematic symbol...
Loading device for application Rf_Device from file '6slx9.nph' in environment
/opt/Xilinx/14.7/ISE_DS/ISE/.
INFO:sim:949 - Finished generation of ASY schematic symbol.
Generating ISE project...
XCO file found: ClockDCM.xco
XMDF file found: ClockDCM_xmdf.tcl
Adding
/home/brad/Projects/MimasV2/14-video-controller/coregen/tmp/_cg/ClockDCM.asy
-view all -origin_type imported
Adding
/home/brad/Projects/MimasV2/14-video-controller/coregen/tmp/_cg/ClockDCM.ucf
-view all -origin_type created
Adding
/home/brad/Projects/MimasV2/14-video-controller/coregen/tmp/_cg/ClockDCM.vhd
-view all -origin_type created
INFO:HDLCompiler:1061 - Parsing VHDL file
   "/home/brad/Projects/MimasV2/14-video-controller/coregen/tmp/_cg/ClockDCM.vhd
   " into library work
INFO:ProjectMgmt - Parsing design hierarchy completed successfully.
Adding
/home/brad/Projects/MimasV2/14-video-controller/coregen/tmp/_cg/ClockDCM.vho
-view all -origin_type imported
INFO:TclTasksC:2116 - The automatic calculation of top has been turned-off.
   Please set the new top explicitly by running the "project set top" command.
   To re-calculate the new top automatically, set the "Auto Implementation Top"
   property to true.
Top level has been set to "/ClockDCM"
Generating README file...
Generating FLIST file...
INFO:sim:948 - Finished FLIST file generation.
Launching README viewer...
Moving files to output directory...
Finished moving files to output directory
Saved CGP file for project 'MimasV2'.
Saved CGP file for project 'MimasV2'.
Closed project file.
